

> simple-task@0.1.0 build /Users/remcostoeten/dev-prive/rollyourownauth-nextjs-all-in-one-dashboard/apps/simple-task
> next build

   [1m[38;2;173;127;168m▲ Next.js 15.1.6[39m[22m
   - Experiments (use with caution):
     · webpackBuildWorker
     · parallelServerCompiles
     · parallelServerBuildTraces

 [37m[1m [22m[39m Creating an optimized production build ...
Failed to compile.

./src/modules/quick-task/components/task-list.tsx
Module not found: Can't resolve '@/src/shared/components/common'

https://nextjs.org/docs/messages/module-not-found

Import trace for requested module:
./src/modules/quick-task/components/main-content.tsx
./src/modules/quick-task/index.ts
./src/views/home/index.tsx

./src/modules/sidebar/components/settings-menu.tsx
Module not found: Can't resolve '@/src/modules/sidebar/components/shortcut-recorder'

https://nextjs.org/docs/messages/module-not-found

Import trace for requested module:
./src/modules/sidebar/components/sidebar.tsx
./src/views/home/index.tsx

./src/modules/sidebar/components/settings-menu.tsx
Module not found: Can't resolve '@/src/shared/components/ui/button'

https://nextjs.org/docs/messages/module-not-found

Import trace for requested module:
./src/modules/sidebar/components/sidebar.tsx
./src/views/home/index.tsx

./src/modules/sidebar/components/sidebar.tsx
Module not found: Can't resolve 'config'

https://nextjs.org/docs/messages/module-not-found

Import trace for requested module:
./src/views/home/index.tsx

./src/modules/task-management/components/add-task.tsx
Module not found: Can't resolve '@/src/modules/quick-task'

https://nextjs.org/docs/messages/module-not-found

Import trace for requested module:
./src/modules/quick-task/components/main-content.tsx
./src/modules/quick-task/index.ts
./src/views/home/index.tsx


> Build failed because of webpack errors
[41m[30m ELIFECYCLE [39m[49m [31mCommand failed with exit code 1.[39m
